This file contains any messages produced by compilers while
running configure, to aid debugging if configure makes a mistake.

It was created by ht2t configure 1.0.0, which was
generated by GNU Autoconf 2.69.  Invocation command line was

  $ ../configure --no-create --no-recursion

## --------- ##
## Platform. ##
## --------- ##

hostname = dad-linux
uname -m = x86_64
uname -r = 4.4.0-128-generic
uname -s = Linux
uname -v = #154-Ubuntu SMP Fri May 25 14:15:18 UTC 2018

/usr/bin/uname -p = unknown
/bin/uname -X     = unknown

/bin/arch              = unknown
/usr/bin/arch -k       = unknown
/usr/convex/getsysinfo = unknown
/usr/bin/hostinfo      = unknown
/bin/machine           = unknown
/usr/bin/oslevel       = unknown
/bin/universe          = unknown

PATH: /home/dad/anaconda3/bin
PATH: /usr/local/sbin
PATH: /usr/local/bin
PATH: /usr/sbin
PATH: /usr/bin
PATH: /sbin
PATH: /bin
PATH: /usr/games
PATH: /usr/local/games
PATH: /usr/java/jre1.8.0_111/bin
PATH: /usr/local/cuda-9.1/bin
PATH: /snap/bin


## ----------- ##
## Core tests. ##
## ----------- ##

configure:2295: checking for a BSD-compatible install
configure:2363: result: /usr/bin/install -c
configure:2374: checking whether build environment is sane
configure:2429: result: yes
configure:2580: checking for a thread-safe mkdir -p
configure:2619: result: /bin/mkdir -p
configure:2626: checking for gawk
configure:2656: result: no
configure:2626: checking for mawk
configure:2642: found /usr/bin/mawk
configure:2653: result: mawk
configure:2664: checking whether make sets $(MAKE)
configure:2686: result: yes
configure:2715: checking whether make supports nested variables
configure:2732: result: yes
configure:2923: checking for g++
configure:2939: found /usr/bin/g++
configure:2950: result: g++
configure:2977: checking for C++ compiler version
configure:2986: g++ --version >&5
g++ (Ubuntu 5.4.0-6ubuntu1~16.04.9) 5.4.0 20160609
Copyright (C) 2015 Free Software Foundation, Inc.
This is free software; see the source for copying conditions.  There is NO
warranty; not even for MERCHANTABILITY or FITNESS FOR A PARTICULAR PURPOSE.

configure:2997: $? = 0
configure:2986: g++ -v >&5
Using built-in specs.
COLLECT_GCC=g++
COLLECT_LTO_WRAPPER=/usr/lib/gcc/x86_64-linux-gnu/5/lto-wrapper
Target: x86_64-linux-gnu
Configured with: ../src/configure -v --with-pkgversion='Ubuntu 5.4.0-6ubuntu1~16.04.9' --with-bugurl=file:///usr/share/doc/gcc-5/README.Bugs --enable-languages=c,ada,c++,java,go,d,fortran,objc,obj-c++ --prefix=/usr --program-suffix=-5 --enable-shared --enable-linker-build-id --libexecdir=/usr/lib --without-included-gettext --enable-threads=posix --libdir=/usr/lib --enable-nls --with-sysroot=/ --enable-clocale=gnu --enable-libstdcxx-debug --enable-libstdcxx-time=yes --with-default-libstdcxx-abi=new --enable-gnu-unique-object --disable-vtable-verify --enable-libmpx --enable-plugin --with-system-zlib --disable-browser-plugin --enable-java-awt=gtk --enable-gtk-cairo --with-java-home=/usr/lib/jvm/java-1.5.0-gcj-5-amd64/jre --enable-java-home --with-jvm-root-dir=/usr/lib/jvm/java-1.5.0-gcj-5-amd64 --with-jvm-jar-dir=/usr/lib/jvm-exports/java-1.5.0-gcj-5-amd64 --with-arch-directory=amd64 --with-ecj-jar=/usr/share/java/eclipse-ecj.jar --enable-objc-gc --enable-multiarch --disable-werror --with-arch-32=i686 --with-abi=m64 --with-multilib-list=m32,m64,mx32 --enable-multilib --with-tune=generic --enable-checking=release --build=x86_64-linux-gnu --host=x86_64-linux-gnu --target=x86_64-linux-gnu
Thread model: posix
gcc version 5.4.0 20160609 (Ubuntu 5.4.0-6ubuntu1~16.04.9) 
configure:2997: $? = 0
configure:2986: g++ -V >&5
g++: error: unrecognized command line option '-V'
g++: fatal error: no input files
compilation terminated.
configure:2997: $? = 1
configure:2986: g++ -qversion >&5
g++: error: unrecognized command line option '-qversion'
g++: fatal error: no input files
compilation terminated.
configure:2997: $? = 1
configure:3017: checking whether the C++ compiler works
configure:3039: g++    conftest.cpp  >&5
configure:3043: $? = 0
configure:3091: result: yes
configure:3094: checking for C++ compiler default output file name
configure:3096: result: a.out
configure:3102: checking for suffix of executables
configure:3109: g++ -o conftest    conftest.cpp  >&5
configure:3113: $? = 0
configure:3135: result: 
configure:3157: checking whether we are cross compiling
configure:3165: g++ -o conftest    conftest.cpp  >&5
configure:3169: $? = 0
configure:3176: ./conftest
configure:3180: $? = 0
configure:3195: result: no
configure:3200: checking for suffix of object files
configure:3222: g++ -c   conftest.cpp >&5
configure:3226: $? = 0
configure:3247: result: o
configure:3251: checking whether we are using the GNU C++ compiler
configure:3270: g++ -c   conftest.cpp >&5
configure:3270: $? = 0
configure:3279: result: yes
configure:3288: checking whether g++ accepts -g
configure:3308: g++ -c -g  conftest.cpp >&5
configure:3308: $? = 0
configure:3349: result: yes
configure:3383: checking for style of include used by make
configure:3411: result: GNU
configure:3437: checking dependency style of g++
configure:3548: result: gcc3
configure:3611: checking for gcc
configure:3627: found /usr/bin/gcc
configure:3638: result: gcc
configure:3867: checking for C compiler version
configure:3876: gcc --version >&5
gcc (Ubuntu 5.4.0-6ubuntu1~16.04.9) 5.4.0 20160609
Copyright (C) 2015 Free Software Foundation, Inc.
This is free software; see the source for copying conditions.  There is NO
warranty; not even for MERCHANTABILITY or FITNESS FOR A PARTICULAR PURPOSE.

configure:3887: $? = 0
configure:3876: gcc -v >&5
Using built-in specs.
COLLECT_GCC=gcc
COLLECT_LTO_WRAPPER=/usr/lib/gcc/x86_64-linux-gnu/5/lto-wrapper
Target: x86_64-linux-gnu
Configured with: ../src/configure -v --with-pkgversion='Ubuntu 5.4.0-6ubuntu1~16.04.9' --with-bugurl=file:///usr/share/doc/gcc-5/README.Bugs --enable-languages=c,ada,c++,java,go,d,fortran,objc,obj-c++ --prefix=/usr --program-suffix=-5 --enable-shared --enable-linker-build-id --libexecdir=/usr/lib --without-included-gettext --enable-threads=posix --libdir=/usr/lib --enable-nls --with-sysroot=/ --enable-clocale=gnu --enable-libstdcxx-debug --enable-libstdcxx-time=yes --with-default-libstdcxx-abi=new --enable-gnu-unique-object --disable-vtable-verify --enable-libmpx --enable-plugin --with-system-zlib --disable-browser-plugin --enable-java-awt=gtk --enable-gtk-cairo --with-java-home=/usr/lib/jvm/java-1.5.0-gcj-5-amd64/jre --enable-java-home --with-jvm-root-dir=/usr/lib/jvm/java-1.5.0-gcj-5-amd64 --with-jvm-jar-dir=/usr/lib/jvm-exports/java-1.5.0-gcj-5-amd64 --with-arch-directory=amd64 --with-ecj-jar=/usr/share/java/eclipse-ecj.jar --enable-objc-gc --enable-multiarch --disable-werror --with-arch-32=i686 --with-abi=m64 --with-multilib-list=m32,m64,mx32 --enable-multilib --with-tune=generic --enable-checking=release --build=x86_64-linux-gnu --host=x86_64-linux-gnu --target=x86_64-linux-gnu
Thread model: posix
gcc version 5.4.0 20160609 (Ubuntu 5.4.0-6ubuntu1~16.04.9) 
configure:3887: $? = 0
configure:3876: gcc -V >&5
gcc: error: unrecognized command line option '-V'
gcc: fatal error: no input files
compilation terminated.
configure:3887: $? = 1
configure:3876: gcc -qversion >&5
gcc: error: unrecognized command line option '-qversion'
gcc: fatal error: no input files
compilation terminated.
configure:3887: $? = 1
configure:3891: checking whether we are using the GNU C compiler
configure:3910: gcc -c   conftest.c >&5
configure:3910: $? = 0
configure:3919: result: yes
configure:3928: checking whether gcc accepts -g
configure:3948: gcc -c -g  conftest.c >&5
configure:3948: $? = 0
configure:3989: result: yes
configure:4006: checking for gcc option to accept ISO C89
configure:4069: gcc  -c -g -O2  conftest.c >&5
configure:4069: $? = 0
configure:4082: result: none needed
configure:4107: checking whether gcc understands -c and -o together
configure:4129: gcc -c conftest.c -o conftest2.o
configure:4132: $? = 0
configure:4129: gcc -c conftest.c -o conftest2.o
configure:4132: $? = 0
configure:4144: result: yes
configure:4163: checking dependency style of gcc
configure:4274: result: gcc3
configure:4299: checking how to run the C preprocessor
configure:4330: gcc -E  conftest.c
configure:4330: $? = 0
configure:4344: gcc -E  conftest.c
conftest.c:11:28: fatal error: ac_nonexistent.h: No such file or directory
compilation terminated.
configure:4344: $? = 1
configure: failed program was:
| /* confdefs.h */
| #define PACKAGE_NAME "ht2t"
| #define PACKAGE_TARNAME "ht2t"
| #define PACKAGE_VERSION "1.0.0"
| #define PACKAGE_STRING "ht2t 1.0.0"
| #define PACKAGE_BUGREPORT ""
| #define PACKAGE_URL ""
| #define PACKAGE "ht2t"
| #define VERSION "1.0.0"
| /* end confdefs.h.  */
| #include <ac_nonexistent.h>
configure:4369: result: gcc -E
configure:4389: gcc -E  conftest.c
configure:4389: $? = 0
configure:4403: gcc -E  conftest.c
conftest.c:11:28: fatal error: ac_nonexistent.h: No such file or directory
compilation terminated.
configure:4403: $? = 1
configure: failed program was:
| /* confdefs.h */
| #define PACKAGE_NAME "ht2t"
| #define PACKAGE_TARNAME "ht2t"
| #define PACKAGE_VERSION "1.0.0"
| #define PACKAGE_STRING "ht2t 1.0.0"
| #define PACKAGE_BUGREPORT ""
| #define PACKAGE_URL ""
| #define PACKAGE "ht2t"
| #define VERSION "1.0.0"
| /* end confdefs.h.  */
| #include <ac_nonexistent.h>
configure:4432: checking for grep that handles long lines and -e
configure:4490: result: /bin/grep
configure:4495: checking for egrep
configure:4557: result: /bin/grep -E
configure:4562: checking for ANSI C header files
configure:4582: gcc -c -g -O2  conftest.c >&5
configure:4582: $? = 0
configure:4655: gcc -o conftest -g -O2   conftest.c  >&5
configure:4655: $? = 0
configure:4655: ./conftest
configure:4655: $? = 0
configure:4666: result: yes
configure:4679: checking for sys/types.h
configure:4679: gcc -c -g -O2  conftest.c >&5
configure:4679: $? = 0
configure:4679: result: yes
configure:4679: checking for sys/stat.h
configure:4679: gcc -c -g -O2  conftest.c >&5
configure:4679: $? = 0
configure:4679: result: yes
configure:4679: checking for stdlib.h
configure:4679: gcc -c -g -O2  conftest.c >&5
configure:4679: $? = 0
configure:4679: result: yes
configure:4679: checking for string.h
configure:4679: gcc -c -g -O2  conftest.c >&5
configure:4679: $? = 0
configure:4679: result: yes
configure:4679: checking for memory.h
configure:4679: gcc -c -g -O2  conftest.c >&5
configure:4679: $? = 0
configure:4679: result: yes
configure:4679: checking for strings.h
configure:4679: gcc -c -g -O2  conftest.c >&5
configure:4679: $? = 0
configure:4679: result: yes
configure:4679: checking for inttypes.h
configure:4679: gcc -c -g -O2  conftest.c >&5
configure:4679: $? = 0
configure:4679: result: yes
configure:4679: checking for stdint.h
configure:4679: gcc -c -g -O2  conftest.c >&5
configure:4679: $? = 0
configure:4679: result: yes
configure:4679: checking for unistd.h
configure:4679: gcc -c -g -O2  conftest.c >&5
configure:4679: $? = 0
configure:4679: result: yes
configure:4693: checking for unistd.h
configure:4693: result: yes
configure:4705: checking for stdbool.h that conforms to C99
configure:4772: gcc -c -g -O2  conftest.c >&5
configure:4772: $? = 0
configure:4779: result: yes
configure:4781: checking for _Bool
configure:4781: gcc -c -g -O2  conftest.c >&5
configure:4781: $? = 0
configure:4781: gcc -c -g -O2  conftest.c >&5
conftest.c: In function 'main':
conftest.c:58:20: error: expected expression before ')' token
 if (sizeof ((_Bool)))
                    ^
configure:4781: $? = 1
configure: failed program was:
| /* confdefs.h */
| #define PACKAGE_NAME "ht2t"
| #define PACKAGE_TARNAME "ht2t"
| #define PACKAGE_VERSION "1.0.0"
| #define PACKAGE_STRING "ht2t 1.0.0"
| #define PACKAGE_BUGREPORT ""
| #define PACKAGE_URL ""
| #define PACKAGE "ht2t"
| #define VERSION "1.0.0"
| #define STDC_HEADERS 1
| #define HAVE_SYS_TYPES_H 1
| #define HAVE_SYS_STAT_H 1
| #define HAVE_STDLIB_H 1
| #define HAVE_STRING_H 1
| #define HAVE_MEMORY_H 1
| #define HAVE_STRINGS_H 1
| #define HAVE_INTTYPES_H 1
| #define HAVE_STDINT_H 1
| #define HAVE_UNISTD_H 1
| #define HAVE_UNISTD_H 1
| /* end confdefs.h.  */
| #include <stdio.h>
| #ifdef HAVE_SYS_TYPES_H
| # include <sys/types.h>
| #endif
| #ifdef HAVE_SYS_STAT_H
| # include <sys/stat.h>
| #endif
| #ifdef STDC_HEADERS
| # include <stdlib.h>
| # include <stddef.h>
| #else
| # ifdef HAVE_STDLIB_H
| #  include <stdlib.h>
| # endif
| #endif
| #ifdef HAVE_STRING_H
| # if !defined STDC_HEADERS && defined HAVE_MEMORY_H
| #  include <memory.h>
| # endif
| # include <string.h>
| #endif
| #ifdef HAVE_STRINGS_H
| # include <strings.h>
| #endif
| #ifdef HAVE_INTTYPES_H
| # include <inttypes.h>
| #endif
| #ifdef HAVE_STDINT_H
| # include <stdint.h>
| #endif
| #ifdef HAVE_UNISTD_H
| # include <unistd.h>
| #endif
| int
| main ()
| {
| if (sizeof ((_Bool)))
| 	    return 0;
|   ;
|   return 0;
| }
configure:4781: result: yes
configure:4792: checking for inline
configure:4808: gcc -c -g -O2  conftest.c >&5
configure:4808: $? = 0
configure:4816: result: inline
configure:4834: checking for size_t
configure:4834: gcc -c -g -O2  conftest.c >&5
configure:4834: $? = 0
configure:4834: gcc -c -g -O2  conftest.c >&5
conftest.c: In function 'main':
conftest.c:59:21: error: expected expression before ')' token
 if (sizeof ((size_t)))
                     ^
configure:4834: $? = 1
configure: failed program was:
| /* confdefs.h */
| #define PACKAGE_NAME "ht2t"
| #define PACKAGE_TARNAME "ht2t"
| #define PACKAGE_VERSION "1.0.0"
| #define PACKAGE_STRING "ht2t 1.0.0"
| #define PACKAGE_BUGREPORT ""
| #define PACKAGE_URL ""
| #define PACKAGE "ht2t"
| #define VERSION "1.0.0"
| #define STDC_HEADERS 1
| #define HAVE_SYS_TYPES_H 1
| #define HAVE_SYS_STAT_H 1
| #define HAVE_STDLIB_H 1
| #define HAVE_STRING_H 1
| #define HAVE_MEMORY_H 1
| #define HAVE_STRINGS_H 1
| #define HAVE_INTTYPES_H 1
| #define HAVE_STDINT_H 1
| #define HAVE_UNISTD_H 1
| #define HAVE_UNISTD_H 1
| #define HAVE__BOOL 1
| /* end confdefs.h.  */
| #include <stdio.h>
| #ifdef HAVE_SYS_TYPES_H
| # include <sys/types.h>
| #endif
| #ifdef HAVE_SYS_STAT_H
| # include <sys/stat.h>
| #endif
| #ifdef STDC_HEADERS
| # include <stdlib.h>
| # include <stddef.h>
| #else
| # ifdef HAVE_STDLIB_H
| #  include <stdlib.h>
| # endif
| #endif
| #ifdef HAVE_STRING_H
| # if !defined STDC_HEADERS && defined HAVE_MEMORY_H
| #  include <memory.h>
| # endif
| # include <string.h>
| #endif
| #ifdef HAVE_STRINGS_H
| # include <strings.h>
| #endif
| #ifdef HAVE_INTTYPES_H
| # include <inttypes.h>
| #endif
| #ifdef HAVE_STDINT_H
| # include <stdint.h>
| #endif
| #ifdef HAVE_UNISTD_H
| # include <unistd.h>
| #endif
| int
| main ()
| {
| if (sizeof ((size_t)))
| 	    return 0;
|   ;
|   return 0;
| }
configure:4834: result: yes
configure:4849: checking for strtol
configure:4849: gcc -o conftest -g -O2   conftest.c  >&5
configure:4849: $? = 0
configure:4849: result: yes
configure:4971: checking that generated files are newer than configure
configure:4977: result: done
configure:5004: creating ./config.status

## ---------------- ##
## Cache variables. ##
## ---------------- ##

ac_cv_c_compiler_gnu=yes
ac_cv_c_inline=inline
ac_cv_cxx_compiler_gnu=yes
ac_cv_env_CCC_set=
ac_cv_env_CCC_value=
ac_cv_env_CC_set=
ac_cv_env_CC_value=
ac_cv_env_CFLAGS_set=
ac_cv_env_CFLAGS_value=
ac_cv_env_CPPFLAGS_set=
ac_cv_env_CPPFLAGS_value=
ac_cv_env_CPP_set=
ac_cv_env_CPP_value=
ac_cv_env_CXXFLAGS_set=
ac_cv_env_CXXFLAGS_value=
ac_cv_env_CXX_set=
ac_cv_env_CXX_value=
ac_cv_env_LDFLAGS_set=
ac_cv_env_LDFLAGS_value=
ac_cv_env_LIBS_set=
ac_cv_env_LIBS_value=
ac_cv_env_build_alias_set=
ac_cv_env_build_alias_value=
ac_cv_env_host_alias_set=
ac_cv_env_host_alias_value=
ac_cv_env_target_alias_set=
ac_cv_env_target_alias_value=
ac_cv_func_strtol=yes
ac_cv_header_inttypes_h=yes
ac_cv_header_memory_h=yes
ac_cv_header_stdbool_h=yes
ac_cv_header_stdc=yes
ac_cv_header_stdint_h=yes
ac_cv_header_stdlib_h=yes
ac_cv_header_string_h=yes
ac_cv_header_strings_h=yes
ac_cv_header_sys_stat_h=yes
ac_cv_header_sys_types_h=yes
ac_cv_header_unistd_h=yes
ac_cv_objext=o
ac_cv_path_EGREP='/bin/grep -E'
ac_cv_path_GREP=/bin/grep
ac_cv_path_install='/usr/bin/install -c'
ac_cv_path_mkdir=/bin/mkdir
ac_cv_prog_AWK=mawk
ac_cv_prog_CPP='gcc -E'
ac_cv_prog_ac_ct_CC=gcc
ac_cv_prog_ac_ct_CXX=g++
ac_cv_prog_cc_c89=
ac_cv_prog_cc_g=yes
ac_cv_prog_cxx_g=yes
ac_cv_prog_make_make_set=yes
ac_cv_type__Bool=yes
ac_cv_type_size_t=yes
am_cv_CC_dependencies_compiler_type=gcc3
am_cv_CXX_dependencies_compiler_type=gcc3
am_cv_make_support_nested_variables=yes
am_cv_prog_cc_c_o=yes

## ----------------- ##
## Output variables. ##
## ----------------- ##

ACLOCAL='${SHELL} /home/dad/git/htp/src/missing aclocal-1.15'
AMDEPBACKSLASH='\'
AMDEP_FALSE='#'
AMDEP_TRUE=''
AMTAR='$${TAR-tar}'
AM_BACKSLASH='\'
AM_DEFAULT_V='$(AM_DEFAULT_VERBOSITY)'
AM_DEFAULT_VERBOSITY='1'
AM_V='$(V)'
AUTOCONF='${SHELL} /home/dad/git/htp/src/missing autoconf'
AUTOHEADER='${SHELL} /home/dad/git/htp/src/missing autoheader'
AUTOMAKE='${SHELL} /home/dad/git/htp/src/missing automake-1.15'
AWK='mawk'
CC='gcc'
CCDEPMODE='depmode=gcc3'
CFLAGS='-g -O2'
CPP='gcc -E'
CPPFLAGS=''
CXX='g++'
CXXDEPMODE='depmode=gcc3'
CXXFLAGS='-g -O2 -std=c++1y'
CYGPATH_W='echo'
DEFS='-DHAVE_CONFIG_H'
DEPDIR='.deps'
ECHO_C=''
ECHO_N='-n'
ECHO_T=''
EGREP='/bin/grep -E'
EXEEXT=''
GREP='/bin/grep'
INSTALL_DATA='${INSTALL} -m 644'
INSTALL_PROGRAM='${INSTALL}'
INSTALL_SCRIPT='${INSTALL}'
INSTALL_STRIP_PROGRAM='$(install_sh) -c -s'
LDFLAGS=''
LIBOBJS=''
LIBS=''
LTLIBOBJS=''
MAKEINFO='${SHELL} /home/dad/git/htp/src/missing makeinfo'
MKDIR_P='/bin/mkdir -p'
OBJEXT='o'
PACKAGE='ht2t'
PACKAGE_BUGREPORT=''
PACKAGE_NAME='ht2t'
PACKAGE_STRING='ht2t 1.0.0'
PACKAGE_TARNAME='ht2t'
PACKAGE_URL=''
PACKAGE_VERSION='1.0.0'
PATH_SEPARATOR=':'
SET_MAKE=''
SHELL='/bin/bash'
STRIP=''
VERSION='1.0.0'
ac_ct_CC='gcc'
ac_ct_CXX='g++'
am__EXEEXT_FALSE=''
am__EXEEXT_TRUE='#'
am__fastdepCC_FALSE='#'
am__fastdepCC_TRUE=''
am__fastdepCXX_FALSE='#'
am__fastdepCXX_TRUE=''
am__include='include'
am__isrc=' -I$(srcdir)'
am__leading_dot='.'
am__nodep='_no'
am__quote=''
am__tar='$${TAR-tar} chof - "$$tardir"'
am__untar='$${TAR-tar} xf -'
bindir='${exec_prefix}/bin'
build_alias=''
datadir='${datarootdir}'
datarootdir='${prefix}/share'
docdir='${datarootdir}/doc/${PACKAGE_TARNAME}'
dvidir='${docdir}'
exec_prefix='${prefix}'
host_alias=''
htmldir='${docdir}'
includedir='${prefix}/include'
infodir='${datarootdir}/info'
install_sh='${SHELL} /home/dad/git/htp/src/install-sh'
libdir='${exec_prefix}/lib'
libexecdir='${exec_prefix}/libexec'
localedir='${datarootdir}/locale'
localstatedir='${prefix}/var'
mandir='${datarootdir}/man'
mkdir_p='$(MKDIR_P)'
oldincludedir='/usr/include'
pdfdir='${docdir}'
prefix='/usr/local'
program_transform_name='s,x,x,'
psdir='${docdir}'
runstatedir='${localstatedir}/run'
sbindir='${exec_prefix}/sbin'
sharedstatedir='${prefix}/com'
sysconfdir='${prefix}/etc'
target_alias=''

## ----------- ##
## confdefs.h. ##
## ----------- ##

/* confdefs.h */
#define PACKAGE_NAME "ht2t"
#define PACKAGE_TARNAME "ht2t"
#define PACKAGE_VERSION "1.0.0"
#define PACKAGE_STRING "ht2t 1.0.0"
#define PACKAGE_BUGREPORT ""
#define PACKAGE_URL ""
#define PACKAGE "ht2t"
#define VERSION "1.0.0"
#define STDC_HEADERS 1
#define HAVE_SYS_TYPES_H 1
#define HAVE_SYS_STAT_H 1
#define HAVE_STDLIB_H 1
#define HAVE_STRING_H 1
#define HAVE_MEMORY_H 1
#define HAVE_STRINGS_H 1
#define HAVE_INTTYPES_H 1
#define HAVE_STDINT_H 1
#define HAVE_UNISTD_H 1
#define HAVE_UNISTD_H 1
#define HAVE__BOOL 1
#define HAVE_STRTOL 1

configure: exit 0

## ---------------------- ##
## Running config.status. ##
## ---------------------- ##

This file was extended by ht2t config.status 1.0.0, which was
generated by GNU Autoconf 2.69.  Invocation command line was

  CONFIG_FILES    = 
  CONFIG_HEADERS  = 
  CONFIG_LINKS    = 
  CONFIG_COMMANDS = 
  $ ./config.status 

on dad-linux

config.status:862: creating Makefile
config.status:862: creating config.h
config.status:1028: config.h is unchanged
config.status:1076: executing depfiles commands

## ---------------------- ##
## Running config.status. ##
## ---------------------- ##

This file was extended by ht2t config.status 1.0.0, which was
generated by GNU Autoconf 2.69.  Invocation command line was

  CONFIG_FILES    = 
  CONFIG_HEADERS  = 
  CONFIG_LINKS    = 
  CONFIG_COMMANDS = 
  $ ./config.status config.h

on dad-linux

config.status:862: creating config.h
config.status:1028: config.h is unchanged
